# JRE version: Java(TM) SE Runtime Environment (23.0+37) (build 23+37-2369)
# Java VM: Java HotSpot(TM) 64-Bit Server VM (23+37-2369, mixed mode, sharing, tiered, compressed oops, compressed class ptrs, g1 gc, windows-amd64)
GC Precious Log:
 CardTable entry size: 512
 Card Set container configuration: InlinePtr #cards 4 size 8 Array Of Cards #cards 16 size 48 Howl #buckets 8 coarsen threshold 3686 Howl Bitmap #cards 512 size 80 coarsen threshold 460 Card regions per heap region 1 cards per card region 4096
 CPUs: 8 total, 8 available
 Memory: 16131M
 Large Page Support: Disabled
 NUMA Support: Disabled
 Compressed Oops: Enabled (Zero based)
 Heap Region Size: 2M
 Heap Min Capacity: 8M
 Heap Initial Capacity: 254M
 Heap Max Capacity: 4034M
 Pre-touch: Disabled
 Parallel Workers: 8
 Concurrent Workers: 2
 Concurrent Refinement Workers: 8
 Periodic GC: Disabled
Heap:
 garbage-first heap   total reserved 4130816K, committed 188416K, used 111374K [0x0000000703e00000, 0x0000000800000000)
  region size 2048K, 2 young (4096K), 1 survivors (2048K)
 Metaspace       used 32234K, committed 32640K, reserved 1114112K
  class space    used 3973K, committed 4160K, reserved 1048576K
GC Heap History (20 events):
Event: 1.375 GC heap before
{Heap before GC invocations=1 (full 0):
 garbage-first heap   total reserved 4130816K, committed 260096K, used 24568K [0x0000000703e00000, 0x0000000800000000)
  region size 2048K, 12 young (24576K), 2 survivors (4096K)
 Metaspace       used 12257K, committed 12544K, reserved 1114112K
  class space    used 1399K, committed 1536K, reserved 1048576K
}
Event: 1.387 GC heap after
{Heap after GC invocations=2 (full 0):
 garbage-first heap   total reserved 4130816K, committed 260096K, used 10148K [0x0000000703e00000, 0x0000000800000000)
  region size 2048K, 2 young (4096K), 2 survivors (4096K)
 Metaspace       used 12257K, committed 12544K, reserved 1114112K
  class space    used 1399K, committed 1536K, reserved 1048576K
}
Event: 2.484 GC heap before
{Heap before GC invocations=2 (full 0):
 garbage-first heap   total reserved 4130816K, committed 260096K, used 47012K [0x0000000703e00000, 0x0000000800000000)
  region size 2048K, 21 young (43008K), 2 survivors (4096K)
 Metaspace       used 21161K, committed 21504K, reserved 1114112K
  class space    used 2638K, committed 2816K, reserved 1048576K
}
Event: 2.498 GC heap after
{Heap after GC invocations=3 (full 0):
 garbage-first heap   total reserved 4130816K, committed 260096K, used 13239K [0x0000000703e00000, 0x0000000800000000)
  region size 2048K, 3 young (6144K), 3 survivors (6144K)
 Metaspace       used 21161K, committed 21504K, reserved 1114112K
  class space    used 2638K, committed 2816K, reserved 1048576K
}
Event: 4.040 GC heap before
{Heap before GC invocations=4 (full 0):
 garbage-first heap   total reserved 4130816K, committed 55296K, used 43959K [0x0000000703e00000, 0x0000000800000000)
  region size 2048K, 16 young (32768K), 3 survivors (6144K)
 Metaspace       used 29547K, committed 29952K, reserved 1114112K
  class space    used 3792K, committed 3968K, reserved 1048576K
}
Event: 4.052 GC heap after
{Heap after GC invocations=5 (full 0):
 garbage-first heap   total reserved 4130816K, committed 59392K, used 21899K [0x0000000703e00000, 0x0000000800000000)
  region size 2048K, 2 young (4096K), 2 survivors (4096K)
 Metaspace       used 29547K, committed 29952K, reserved 1114112K
  class space    used 3792K, committed 3968K, reserved 1048576K
}
Event: 10.428 GC heap before
{Heap before GC invocations=5 (full 0):
 garbage-first heap   total reserved 4130816K, committed 59392K, used 46475K [0x0000000703e00000, 0x0000000800000000)
  region size 2048K, 12 young (24576K), 2 survivors (4096K)
 Metaspace       used 31006K, committed 31424K, reserved 1114112K
  class space    used 3962K, committed 4160K, reserved 1048576K
}
Event: 10.433 GC heap after
{Heap after GC invocations=6 (full 0):
 garbage-first heap   total reserved 4130816K, committed 59392K, used 29451K [0x0000000703e00000, 0x0000000800000000)
  region size 2048K, 1 young (2048K), 1 survivors (2048K)
 Metaspace       used 31006K, committed 31424K, reserved 1114112K
  class space    used 3962K, committed 4160K, reserved 1048576K
}
Event: 24.847 GC heap before
{Heap before GC invocations=7 (full 0):
 garbage-first heap   total reserved 4130816K, committed 71680K, used 64267K [0x0000000703e00000, 0x0000000800000000)
  region size 2048K, 9 young (18432K), 1 survivors (2048K)
 Metaspace       used 31296K, committed 31680K, reserved 1114112K
  class space    used 3962K, committed 4160K, reserved 1048576K
}
Event: 24.851 GC heap after
{Heap after GC invocations=8 (full 0):
 garbage-first heap   total reserved 4130816K, committed 71680K, used 49495K [0x0000000703e00000, 0x0000000800000000)
  region size 2048K, 2 young (4096K), 2 survivors (4096K)
 Metaspace       used 31296K, committed 31680K, reserved 1114112K
  class space    used 3962K, committed 4160K, reserved 1048576K
}
Event: 30.147 GC heap before
{Heap before GC invocations=8 (full 0):
 garbage-first heap   total reserved 4130816K, committed 77824K, used 67927K [0x0000000703e00000, 0x0000000800000000)
  region size 2048K, 6 young (12288K), 2 survivors (4096K)
 Metaspace       used 31428K, committed 31808K, reserved 1114112K
  class space    used 3962K, committed 4160K, reserved 1048576K
}
Event: 30.151 GC heap after
{Heap after GC invocations=9 (full 0):
 garbage-first heap   total reserved 4130816K, committed 77824K, used 61904K [0x0000000703e00000, 0x0000000800000000)
  region size 2048K, 1 young (2048K), 1 survivors (2048K)
 Metaspace       used 31428K, committed 31808K, reserved 1114112K
  class space    used 3962K, committed 4160K, reserved 1048576K
}
Event: 33.025 GC heap before
{Heap before GC invocations=9 (full 0):
 garbage-first heap   total reserved 4130816K, committed 77824K, used 66000K [0x0000000703e00000, 0x0000000800000000)
  region size 2048K, 4 young (8192K), 1 survivors (2048K)
 Metaspace       used 31542K, committed 31936K, reserved 1114112K
  class space    used 3962K, committed 4160K, reserved 1048576K
}
Event: 33.027 GC heap after
{Heap after GC invocations=10 (full 0):
 garbage-first heap   total reserved 4130816K, committed 77824K, used 61807K [0x0000000703e00000, 0x0000000800000000)
  region size 2048K, 1 young (2048K), 1 survivors (2048K)
 Metaspace       used 31542K, committed 31936K, reserved 1114112K
  class space    used 3962K, committed 4160K, reserved 1048576K
}
Event: 36.679 GC heap before
{Heap before GC invocations=11 (full 0):
 garbage-first heap   total reserved 4130816K, committed 106496K, used 72047K [0x0000000703e00000, 0x0000000800000000)
  region size 2048K, 3 young (6144K), 1 survivors (2048K)
 Metaspace       used 31626K, committed 32064K, reserved 1114112K
  class space    used 3962K, committed 4160K, reserved 1048576K
}
Event: 36.681 GC heap after
{Heap after GC invocations=12 (full 0):
 garbage-first heap   total reserved 4130816K, committed 106496K, used 69006K [0x0000000703e00000, 0x0000000800000000)
  region size 2048K, 1 young (2048K), 1 survivors (2048K)
 Metaspace       used 31626K, committed 32064K, reserved 1114112K
  class space    used 3962K, committed 4160K, reserved 1048576K
}
Event: 64.506 GC heap before
{Heap before GC invocations=12 (full 0):
 garbage-first heap   total reserved 4130816K, committed 131072K, used 128398K [0x0000000703e00000, 0x0000000800000000)
  region size 2048K, 13 young (26624K), 1 survivors (2048K)
 Metaspace       used 31983K, committed 32384K, reserved 1114112K
  class space    used 3964K, committed 4160K, reserved 1048576K
}
Event: 64.511 GC heap after
{Heap after GC invocations=13 (full 0):
 garbage-first heap   total reserved 4130816K, committed 135168K, used 105054K [0x0000000703e00000, 0x0000000800000000)
  region size 2048K, 1 young (2048K), 1 survivors (2048K)
 Metaspace       used 31983K, committed 32384K, reserved 1114112K
  class space    used 3964K, committed 4160K, reserved 1048576K
}
Event: 74.907 GC heap before
{Heap before GC invocations=13 (full 0):
 garbage-first heap   total reserved 4130816K, committed 135168K, used 115294K [0x0000000703e00000, 0x0000000800000000)
  region size 2048K, 8 young (16384K), 1 survivors (2048K)
 Metaspace       used 32219K, committed 32576K, reserved 1114112K
  class space    used 3973K, committed 4160K, reserved 1048576K
}
Event: 74.910 GC heap after
{Heap after GC invocations=14 (full 0):
 garbage-first heap   total reserved 4130816K, committed 135168K, used 105230K [0x0000000703e00000, 0x0000000800000000)
  region size 2048K, 1 young (2048K), 1 survivors (2048K)
 Metaspace       used 32219K, committed 32576K, reserved 1114112K
  class space    used 3973K, committed 4160K, reserved 1048576K
}

