<?xml version="1.0" encoding="UTF-8"?>
<!-- Generated by org.testng.reporters.JUnitXMLReporter -->
<testsuite ignored="0" hostname="romrobillos" failures="0" tests="4" name="Surefire test" time="19.504" errors="0" timestamp="2024-11-05T04:49:48 GMT+08:00">
  <testcase classname="testcase.Login" name="logoutTest" time="6.648"/>
  <testcase classname="testcase.Login" name="loginTest" time="2.416"/>
  <testcase classname="testcase.Login" name="problem_login" time="2.418"/>
  <testcase classname="testcase.Login" name="lockedOut_login" time="2.416"/>
</testsuite> <!-- Surefire test -->
