<?xml version="1.0" encoding="UTF-8"?>
<!-- Generated by org.testng.reporters.JUnitXMLReporter -->
<testsuite ignored="11" hostname="romrobillos" failures="1" tests="5" name="Default test" time="20.409" errors="0" timestamp="2025-01-22T06:04:16 GMT+08:00">
  <testcase classname="testcase.ProductTest" name="testGlitchSortLowToHigh" time="0.575"/>
  <testcase classname="testcase.ProductTest" name="testGlitchSortLowToHigh" time="0.612"/>
  <testcase classname="testcase.ProductTest" name="testGlitchSortLowToHigh" time="0.535"/>
  <testcase classname="testcase.ProductTest" name="testGlitchSortLowToHigh" time="10.557">
    <failure type="java.lang.AssertionError" message="
Sort took 5.1415313 seconds expecting &amp;lt;=1.0 seconds expected [true] but found [false]">
      <![CDATA[java.lang.AssertionError: 
Sort took 5.1415313 seconds expecting <=1.0 seconds expected [true] but found [false]
at org.testng.Assert.fail(Assert.java:99)
at org.testng.Assert.failNotEquals(Assert.java:1037)
at org.testng.Assert.assertTrue(Assert.java:45)
at testcase.ProductTest.testGlitchSortLowToHigh(ProductTest.java:429)
at java.base/jdk.internal.reflect.DirectMethodHandleAccessor.invoke(DirectMethodHandleAccessor.java:103)
at java.base/java.lang.reflect.Method.invoke(Method.java:580)
at org.testng.internal.MethodInvocationHelper.invokeMethod(MethodInvocationHelper.java:133)
at org.testng.internal.TestInvoker.invokeMethod(TestInvoker.java:598)
at org.testng.internal.TestInvoker.invokeTestMethod(TestInvoker.java:173)
at org.testng.internal.MethodRunner.runInSequence(MethodRunner.java:46)
at org.testng.internal.TestInvoker$MethodInvocationAgent.invoke(TestInvoker.java:824)
at org.testng.internal.TestInvoker.invokeTestMethods(TestInvoker.java:146)
at org.testng.internal.TestMethodWorker.invokeTestMethods(TestMethodWorker.java:146)
at org.testng.internal.TestMethodWorker.run(TestMethodWorker.java:128)
at java.base/java.util.ArrayList.forEach(ArrayList.java:1597)
at org.testng.TestRunner.privateRun(TestRunner.java:794)
at org.testng.TestRunner.run(TestRunner.java:596)
at org.testng.SuiteRunner.runTest(SuiteRunner.java:377)
at org.testng.SuiteRunner.runSequentially(SuiteRunner.java:371)
at org.testng.SuiteRunner.privateRun(SuiteRunner.java:332)
at org.testng.SuiteRunner.run(SuiteRunner.java:276)
at org.testng.SuiteRunnerWorker.runSuite(SuiteRunnerWorker.java:53)
at org.testng.SuiteRunnerWorker.run(SuiteRunnerWorker.java:96)
at org.testng.TestNG.runSuitesSequentially(TestNG.java:1212)
at org.testng.TestNG.runSuitesLocally(TestNG.java:1134)
at org.testng.TestNG.runSuites(TestNG.java:1063)
at org.testng.TestNG.run(TestNG.java:1031)
at org.testng.remote.AbstractRemoteTestNG.run(AbstractRemoteTestNG.java:115)
at org.testng.remote.RemoteTestNG.initAndRun(RemoteTestNG.java:293)
at org.testng.remote.RemoteTestNG.main(RemoteTestNG.java:91)
]]>
    </failure>
  </testcase> <!-- testGlitchSortLowToHigh -->
  <testcase classname="testcase.ProductTest" name="testGlitchSortLowToHigh" time="0.58">
    <skipped/>
  </testcase> <!-- testGlitchSortLowToHigh -->
  <testcase classname="testcase.ProductTest" name="testGlitchSortZtoA" time="0.0">
    <ignored/>
  </testcase> <!-- testGlitchSortZtoA -->
  <testcase classname="testcase.ProductTest" name="validateProductImages" time="0.0">
    <ignored/>
  </testcase> <!-- validateProductImages -->
  <testcase classname="testcase.ProductTest" name="testAddRemoveButtons" time="0.0">
    <ignored/>
  </testcase> <!-- testAddRemoveButtons -->
  <testcase classname="testcase.ProductTest" name="testCartBadge" time="0.0">
    <ignored/>
  </testcase> <!-- testCartBadge -->
  <testcase classname="testcase.ProductTest" name="testSortZtoA" time="0.0">
    <ignored/>
  </testcase> <!-- testSortZtoA -->
  <testcase classname="testcase.ProductTest" name="testSortHighToLow" time="0.0">
    <ignored/>
  </testcase> <!-- testSortHighToLow -->
  <testcase classname="testcase.ProductTest" name="testCartCoordinatesForVisualUserOnly" time="0.0">
    <ignored/>
  </testcase> <!-- testCartCoordinatesForVisualUserOnly -->
  <testcase classname="testcase.ProductTest" name="testSortAtoZ" time="0.0">
    <ignored/>
  </testcase> <!-- testSortAtoZ -->
  <testcase classname="testcase.ProductTest" name="testGlitchSortHighToLow" time="0.0">
    <ignored/>
  </testcase> <!-- testGlitchSortHighToLow -->
  <testcase classname="testcase.ProductTest" name="testLogout" time="0.0">
    <ignored/>
  </testcase> <!-- testLogout -->
  <testcase classname="testcase.ProductTest" name="testSortLowToHigh" time="0.0">
    <ignored/>
  </testcase> <!-- testSortLowToHigh -->
</testsuite> <!-- Default test -->
