<?xml version="1.0" encoding="UTF-8"?>
<!-- Generated by org.testng.reporters.JUnitXMLReporter -->
<testsuite ignored="0" hostname="romrobillos" failures="1" tests="12" name="Test" time="74.959" errors="0" timestamp="2025-01-11T06:25:04 GMT+08:00">
  <testcase classname="testcase.LoginTest" name="testToLogin" time="1.86"/>
  <testcase classname="testcase.LoginTest" name="testToLogin" time="1.713"/>
  <testcase classname="testcase.LoginTest" name="testToLogin" time="1.761"/>
  <testcase classname="testcase.LoginTest" name="testToLogin" time="7.032"/>
  <testcase classname="testcase.LoginTest" name="testToLogin" time="1.626"/>
  <testcase classname="testcase.LoginTest" name="testInvalidLoginErrorMsg" time="1.91"/>
  <testcase classname="testcase.LoginTest" name="testLockedOutErrorMsg" time="1.9"/>
  <testcase classname="testcase.LoginTest" name="testResponseTime" time="1.934"/>
  <testcase classname="testcase.LoginTest" name="testResponseTime" time="1.814"/>
  <testcase classname="testcase.LoginTest" name="testResponseTime" time="1.678"/>
  <testcase classname="testcase.LoginTest" name="testResponseTime" time="6.916">
    <failure type="java.lang.AssertionError" message="
Login took 6.9039224 seconds expecting &amp;lt;=2.0 seconds expected [true] but found [false]">
      <![CDATA[java.lang.AssertionError: 
Login took 6.9039224 seconds expecting <=2.0 seconds expected [true] but found [false]
at testcase.LoginTest.testResponseTime(LoginTest.java:26)
at java.base/java.util.ArrayList.forEach(ArrayList.java:1597)
... Removed 28 stack frames]]>
    </failure>
  </testcase> <!-- testResponseTime -->
  <testcase classname="testcase.LoginTest" name="testResponseTime" time="1.846"/>
</testsuite> <!-- Test -->
