<?xml version="1.0" encoding="UTF-8"?>
<testng-results ignored="0" total="4" passed="4" failed="0" skipped="0">
  <reporter-output>
  </reporter-output>
  <suite started-at="2024-11-05T04:49:29 GMT+08:00" name="Surefire suite" finished-at="2024-11-05T04:49:48 GMT+08:00" duration-ms="19504">
    <groups>
    </groups>
    <test started-at="2024-11-05T04:49:29 GMT+08:00" name="Surefire test" finished-at="2024-11-05T04:49:48 GMT+08:00" duration-ms="19504">
      <class name="testcase.Login">
        <test-method is-config="true" signature="setUp()[pri:0, instance:testcase.Login@7ed7259e]" started-at="2024-11-05T04:49:29 GMT+08:00" name="setUp" finished-at="2024-11-05T04:49:31 GMT+08:00" duration-ms="2223" status="PASS">
          <reporter-output>
          </reporter-output>
        </test-method> <!-- setUp -->
        <test-method signature="logoutTest()[pri:0, instance:testcase.Login@7ed7259e]" started-at="2024-11-05T04:49:31 GMT+08:00" name="logoutTest" finished-at="2024-11-05T04:49:37 GMT+08:00" duration-ms="6648" status="PASS">
          <reporter-output>
          </reporter-output>
        </test-method> <!-- logoutTest -->
        <test-method is-config="true" signature="tearDown()[pri:0, instance:testcase.Login@7ed7259e]" started-at="2024-11-05T04:49:37 GMT+08:00" name="tearDown" finished-at="2024-11-05T04:49:38 GMT+08:00" duration-ms="86" status="PASS">
          <reporter-output>
          </reporter-output>
        </test-method> <!-- tearDown -->
        <test-method is-config="true" signature="setUp()[pri:0, instance:testcase.Login@7ed7259e]" started-at="2024-11-05T04:49:38 GMT+08:00" name="setUp" finished-at="2024-11-05T04:49:39 GMT+08:00" duration-ms="1073" status="PASS">
          <reporter-output>
          </reporter-output>
        </test-method> <!-- setUp -->
        <test-method signature="loginTest()[pri:1, instance:testcase.Login@7ed7259e]" started-at="2024-11-05T04:49:39 GMT+08:00" name="loginTest" finished-at="2024-11-05T04:49:41 GMT+08:00" duration-ms="2416" status="PASS">
          <reporter-output>
          </reporter-output>
        </test-method> <!-- loginTest -->
        <test-method is-config="true" signature="tearDown()[pri:0, instance:testcase.Login@7ed7259e]" started-at="2024-11-05T04:49:41 GMT+08:00" name="tearDown" finished-at="2024-11-05T04:49:41 GMT+08:00" duration-ms="86" status="PASS">
          <reporter-output>
          </reporter-output>
        </test-method> <!-- tearDown -->
        <test-method is-config="true" signature="setUp()[pri:0, instance:testcase.Login@7ed7259e]" started-at="2024-11-05T04:49:41 GMT+08:00" name="setUp" finished-at="2024-11-05T04:49:42 GMT+08:00" duration-ms="992" status="PASS">
          <reporter-output>
          </reporter-output>
        </test-method> <!-- setUp -->
        <test-method signature="problem_login()[pri:2, instance:testcase.Login@7ed7259e]" started-at="2024-11-05T04:49:42 GMT+08:00" name="problem_login" finished-at="2024-11-05T04:49:44 GMT+08:00" duration-ms="2418" status="PASS">
          <reporter-output>
          </reporter-output>
        </test-method> <!-- problem_login -->
        <test-method is-config="true" signature="tearDown()[pri:0, instance:testcase.Login@7ed7259e]" started-at="2024-11-05T04:49:45 GMT+08:00" name="tearDown" finished-at="2024-11-05T04:49:45 GMT+08:00" duration-ms="71" status="PASS">
          <reporter-output>
          </reporter-output>
        </test-method> <!-- tearDown -->
        <test-method is-config="true" signature="setUp()[pri:0, instance:testcase.Login@7ed7259e]" started-at="2024-11-05T04:49:45 GMT+08:00" name="setUp" finished-at="2024-11-05T04:49:46 GMT+08:00" duration-ms="977" status="PASS">
          <reporter-output>
          </reporter-output>
        </test-method> <!-- setUp -->
        <test-method signature="lockedOut_login()[pri:3, instance:testcase.Login@7ed7259e]" started-at="2024-11-05T04:49:46 GMT+08:00" name="lockedOut_login" finished-at="2024-11-05T04:49:48 GMT+08:00" duration-ms="2416" status="PASS">
          <reporter-output>
          </reporter-output>
        </test-method> <!-- lockedOut_login -->
        <test-method is-config="true" signature="tearDown()[pri:0, instance:testcase.Login@7ed7259e]" started-at="2024-11-05T04:49:48 GMT+08:00" name="tearDown" finished-at="2024-11-05T04:49:48 GMT+08:00" duration-ms="51" status="PASS">
          <reporter-output>
          </reporter-output>
        </test-method> <!-- tearDown -->
      </class> <!-- testcase.Login -->
    </test> <!-- Surefire test -->
  </suite> <!-- Surefire suite -->
</testng-results>
