<?xml version="1.0" encoding="UTF-8"?>
<testng-results ignored="11" total="16" passed="3" failed="1" skipped="1">
  <reporter-output>
  </reporter-output>
  <suite started-at="2025-01-22T06:03:56 GMT+08:00" name="Default suite" finished-at="2025-01-22T06:04:16 GMT+08:00" duration-ms="20409">
    <groups>
    </groups>
    <test started-at="2025-01-22T06:03:56 GMT+08:00" name="Default test" finished-at="2025-01-22T06:04:16 GMT+08:00" duration-ms="20409">
      <class name="testcase.ProductTest">
        <test-method is-config="true" signature="setUp()[pri:0, instance:testcase.ProductTest@3270d194]" started-at="2025-01-22T06:03:56 GMT+08:00" name="setUp" finished-at="2025-01-22T06:03:58 GMT+08:00" duration-ms="2274" status="PASS">
          <reporter-output>
          </reporter-output>
        </test-method> <!-- setUp -->
        <test-method signature="testGlitchSortLowToHigh(java.lang.String,java.lang.String)[pri:12, instance:testcase.ProductTest@3270d194]" started-at="2025-01-22T06:03:58 GMT+08:00" name="testGlitchSortLowToHigh" description="Verify Glitch Low to High Sort" data-provider="validCredentials" finished-at="2025-01-22T06:03:58 GMT+08:00" duration-ms="575" status="PASS">
          <params>
            <param index="0">
              <value>
                <![CDATA[standard_user]]>
              </value>
            </param>
            <param index="1">
              <value>
                <![CDATA[secret_sauce]]>
              </value>
            </param>
          </params>
          <reporter-output>
          </reporter-output>
        </test-method> <!-- testGlitchSortLowToHigh -->
        <test-method is-config="true" signature="tearDown()[pri:0, instance:testcase.ProductTest@3270d194]" started-at="2025-01-22T06:03:58 GMT+08:00" name="tearDown" finished-at="2025-01-22T06:03:59 GMT+08:00" duration-ms="136" status="PASS">
          <reporter-output>
          </reporter-output>
        </test-method> <!-- tearDown -->
        <test-method is-config="true" signature="setUp()[pri:0, instance:testcase.ProductTest@3270d194]" started-at="2025-01-22T06:03:59 GMT+08:00" name="setUp" finished-at="2025-01-22T06:04:00 GMT+08:00" duration-ms="1025" status="PASS">
          <reporter-output>
          </reporter-output>
        </test-method> <!-- setUp -->
        <test-method signature="testGlitchSortLowToHigh(java.lang.String,java.lang.String)[pri:12, instance:testcase.ProductTest@3270d194]" started-at="2025-01-22T06:04:00 GMT+08:00" name="testGlitchSortLowToHigh" description="Verify Glitch Low to High Sort" data-provider="validCredentials" finished-at="2025-01-22T06:04:00 GMT+08:00" duration-ms="612" status="PASS">
          <params>
            <param index="0">
              <value>
                <![CDATA[visual_user]]>
              </value>
            </param>
            <param index="1">
              <value>
                <![CDATA[secret_sauce]]>
              </value>
            </param>
          </params>
          <reporter-output>
          </reporter-output>
        </test-method> <!-- testGlitchSortLowToHigh -->
        <test-method is-config="true" signature="tearDown()[pri:0, instance:testcase.ProductTest@3270d194]" started-at="2025-01-22T06:04:00 GMT+08:00" name="tearDown" finished-at="2025-01-22T06:04:00 GMT+08:00" duration-ms="125" status="PASS">
          <reporter-output>
          </reporter-output>
        </test-method> <!-- tearDown -->
        <test-method is-config="true" signature="setUp()[pri:0, instance:testcase.ProductTest@3270d194]" started-at="2025-01-22T06:04:00 GMT+08:00" name="setUp" finished-at="2025-01-22T06:04:02 GMT+08:00" duration-ms="1184" status="PASS">
          <reporter-output>
          </reporter-output>
        </test-method> <!-- setUp -->
        <test-method signature="testGlitchSortLowToHigh(java.lang.String,java.lang.String)[pri:12, instance:testcase.ProductTest@3270d194]" started-at="2025-01-22T06:04:02 GMT+08:00" name="testGlitchSortLowToHigh" description="Verify Glitch Low to High Sort" data-provider="validCredentials" finished-at="2025-01-22T06:04:02 GMT+08:00" duration-ms="535" status="PASS">
          <params>
            <param index="0">
              <value>
                <![CDATA[problem_user]]>
              </value>
            </param>
            <param index="1">
              <value>
                <![CDATA[secret_sauce]]>
              </value>
            </param>
          </params>
          <reporter-output>
          </reporter-output>
        </test-method> <!-- testGlitchSortLowToHigh -->
        <test-method is-config="true" signature="tearDown()[pri:0, instance:testcase.ProductTest@3270d194]" started-at="2025-01-22T06:04:02 GMT+08:00" name="tearDown" finished-at="2025-01-22T06:04:02 GMT+08:00" duration-ms="120" status="PASS">
          <reporter-output>
          </reporter-output>
        </test-method> <!-- tearDown -->
        <test-method is-config="true" signature="setUp()[pri:0, instance:testcase.ProductTest@3270d194]" started-at="2025-01-22T06:04:02 GMT+08:00" name="setUp" finished-at="2025-01-22T06:04:03 GMT+08:00" duration-ms="1186" status="PASS">
          <reporter-output>
          </reporter-output>
        </test-method> <!-- setUp -->
        <test-method signature="testGlitchSortLowToHigh(java.lang.String,java.lang.String)[pri:12, instance:testcase.ProductTest@3270d194]" started-at="2025-01-22T06:04:03 GMT+08:00" name="testGlitchSortLowToHigh" description="Verify Glitch Low to High Sort" data-provider="validCredentials" finished-at="2025-01-22T06:04:14 GMT+08:00" duration-ms="10557" status="FAIL">
          <params>
            <param index="0">
              <value>
                <![CDATA[performance_glitch_user]]>
              </value>
            </param>
            <param index="1">
              <value>
                <![CDATA[secret_sauce]]>
              </value>
            </param>
          </params>
          <exception class="java.lang.AssertionError">
            <message>
              <![CDATA[
Sort took 5.1415313 seconds expecting <=1.0 seconds expected [true] but found [false]]]>
            </message>
            <full-stacktrace>
              <![CDATA[java.lang.AssertionError: 
Sort took 5.1415313 seconds expecting <=1.0 seconds expected [true] but found [false]
at org.testng.Assert.fail(Assert.java:99)
at org.testng.Assert.failNotEquals(Assert.java:1037)
at org.testng.Assert.assertTrue(Assert.java:45)
at testcase.ProductTest.testGlitchSortLowToHigh(ProductTest.java:429)
at java.base/jdk.internal.reflect.DirectMethodHandleAccessor.invoke(DirectMethodHandleAccessor.java:103)
at java.base/java.lang.reflect.Method.invoke(Method.java:580)
at org.testng.internal.MethodInvocationHelper.invokeMethod(MethodInvocationHelper.java:133)
at org.testng.internal.TestInvoker.invokeMethod(TestInvoker.java:598)
at org.testng.internal.TestInvoker.invokeTestMethod(TestInvoker.java:173)
at org.testng.internal.MethodRunner.runInSequence(MethodRunner.java:46)
at org.testng.internal.TestInvoker$MethodInvocationAgent.invoke(TestInvoker.java:824)
at org.testng.internal.TestInvoker.invokeTestMethods(TestInvoker.java:146)
at org.testng.internal.TestMethodWorker.invokeTestMethods(TestMethodWorker.java:146)
at org.testng.internal.TestMethodWorker.run(TestMethodWorker.java:128)
at java.base/java.util.ArrayList.forEach(ArrayList.java:1597)
at org.testng.TestRunner.privateRun(TestRunner.java:794)
at org.testng.TestRunner.run(TestRunner.java:596)
at org.testng.SuiteRunner.runTest(SuiteRunner.java:377)
at org.testng.SuiteRunner.runSequentially(SuiteRunner.java:371)
at org.testng.SuiteRunner.privateRun(SuiteRunner.java:332)
at org.testng.SuiteRunner.run(SuiteRunner.java:276)
at org.testng.SuiteRunnerWorker.runSuite(SuiteRunnerWorker.java:53)
at org.testng.SuiteRunnerWorker.run(SuiteRunnerWorker.java:96)
at org.testng.TestNG.runSuitesSequentially(TestNG.java:1212)
at org.testng.TestNG.runSuitesLocally(TestNG.java:1134)
at org.testng.TestNG.runSuites(TestNG.java:1063)
at org.testng.TestNG.run(TestNG.java:1031)
at org.testng.remote.AbstractRemoteTestNG.run(AbstractRemoteTestNG.java:115)
at org.testng.remote.RemoteTestNG.initAndRun(RemoteTestNG.java:293)
at org.testng.remote.RemoteTestNG.main(RemoteTestNG.java:91)
]]>
            </full-stacktrace>
          </exception> <!-- java.lang.AssertionError -->
          <reporter-output>
          </reporter-output>
        </test-method> <!-- testGlitchSortLowToHigh -->
        <test-method is-config="true" signature="tearDown()[pri:0, instance:testcase.ProductTest@3270d194]" started-at="2025-01-22T06:04:14 GMT+08:00" name="tearDown" finished-at="2025-01-22T06:04:14 GMT+08:00" duration-ms="145" status="PASS">
          <reporter-output>
          </reporter-output>
        </test-method> <!-- tearDown -->
        <test-method is-config="true" signature="setUp()[pri:0, instance:testcase.ProductTest@3270d194]" started-at="2025-01-22T06:04:14 GMT+08:00" name="setUp" finished-at="2025-01-22T06:04:15 GMT+08:00" duration-ms="1146" status="PASS">
          <reporter-output>
          </reporter-output>
        </test-method> <!-- setUp -->
        <test-method signature="testGlitchSortLowToHigh(java.lang.String,java.lang.String)[pri:12, instance:testcase.ProductTest@3270d194]" started-at="2025-01-22T06:04:15 GMT+08:00" name="testGlitchSortLowToHigh" description="Verify Glitch Low to High Sort" data-provider="validCredentials" finished-at="2025-01-22T06:04:16 GMT+08:00" duration-ms="580" status="SKIP">
          <params>
            <param index="0">
              <value>
                <![CDATA[error_user]]>
              </value>
            </param>
            <param index="1">
              <value>
                <![CDATA[secret_sauce]]>
              </value>
            </param>
          </params>
          <exception class="org.testng.SkipException">
            <message>
              <![CDATA[Test skipped due to sorting is broken!]]>
            </message>
            <full-stacktrace>
              <![CDATA[org.testng.SkipException: Test skipped due to sorting is broken!
at testcase.ProductTest.testGlitchSortLowToHigh(ProductTest.java:424)
at java.base/jdk.internal.reflect.DirectMethodHandleAccessor.invoke(DirectMethodHandleAccessor.java:103)
at java.base/java.lang.reflect.Method.invoke(Method.java:580)
at org.testng.internal.MethodInvocationHelper.invokeMethod(MethodInvocationHelper.java:133)
at org.testng.internal.TestInvoker.invokeMethod(TestInvoker.java:598)
at org.testng.internal.TestInvoker.invokeTestMethod(TestInvoker.java:173)
at org.testng.internal.MethodRunner.runInSequence(MethodRunner.java:46)
at org.testng.internal.TestInvoker$MethodInvocationAgent.invoke(TestInvoker.java:824)
at org.testng.internal.TestInvoker.invokeTestMethods(TestInvoker.java:146)
at org.testng.internal.TestMethodWorker.invokeTestMethods(TestMethodWorker.java:146)
at org.testng.internal.TestMethodWorker.run(TestMethodWorker.java:128)
at java.base/java.util.ArrayList.forEach(ArrayList.java:1597)
at org.testng.TestRunner.privateRun(TestRunner.java:794)
at org.testng.TestRunner.run(TestRunner.java:596)
at org.testng.SuiteRunner.runTest(SuiteRunner.java:377)
at org.testng.SuiteRunner.runSequentially(SuiteRunner.java:371)
at org.testng.SuiteRunner.privateRun(SuiteRunner.java:332)
at org.testng.SuiteRunner.run(SuiteRunner.java:276)
at org.testng.SuiteRunnerWorker.runSuite(SuiteRunnerWorker.java:53)
at org.testng.SuiteRunnerWorker.run(SuiteRunnerWorker.java:96)
at org.testng.TestNG.runSuitesSequentially(TestNG.java:1212)
at org.testng.TestNG.runSuitesLocally(TestNG.java:1134)
at org.testng.TestNG.runSuites(TestNG.java:1063)
at org.testng.TestNG.run(TestNG.java:1031)
at org.testng.remote.AbstractRemoteTestNG.run(AbstractRemoteTestNG.java:115)
at org.testng.remote.RemoteTestNG.initAndRun(RemoteTestNG.java:293)
at org.testng.remote.RemoteTestNG.main(RemoteTestNG.java:91)
]]>
            </full-stacktrace>
          </exception> <!-- org.testng.SkipException -->
          <reporter-output>
          </reporter-output>
        </test-method> <!-- testGlitchSortLowToHigh -->
        <test-method is-config="true" signature="tearDown()[pri:0, instance:testcase.ProductTest@3270d194]" started-at="2025-01-22T06:04:16 GMT+08:00" name="tearDown" finished-at="2025-01-22T06:04:16 GMT+08:00" duration-ms="167" status="PASS">
          <reporter-output>
          </reporter-output>
        </test-method> <!-- tearDown -->
      </class> <!-- testcase.ProductTest -->
    </test> <!-- Default test -->
  </suite> <!-- Default suite -->
</testng-results>
